This file contains any messages produced by compilers while
running configure, to aid debugging if configure makes a mistake.

It was created by gloox configure 1.0, which was
generated by GNU Autoconf 2.68.  Invocation command line was

  $ ./configure --host=arm-linux-androideabi --enable-debug --prefix=/home/yj/Work_Folder/Kunlun/gloox/Install_Dir/arm_depend_no_version_end_openssl_swig_debug --with-examples=no --with-tests=no --with-openssl=/home/yj/Work_Folder/Kunlun/openssl/Install_Dir/openssl-1.0.1e_version_not_end

## --------- ##
## Platform. ##
## --------- ##

hostname = yj-virtual-machine
uname -m = i686
uname -r = 3.2.0-52-generic-pae
uname -s = Linux
uname -v = #78-Ubuntu SMP Fri Jul 26 16:43:19 UTC 2013

/usr/bin/uname -p = unknown
/bin/uname -X     = unknown

/bin/arch              = unknown
/usr/bin/arch -k       = unknown
/usr/convex/getsysinfo = unknown
/usr/bin/hostinfo      = unknown
/bin/machine           = unknown
/usr/bin/oslevel       = unknown
/bin/universe          = unknown

PATH: /home/yj/Work_DevelopeEnv/android8-toolchain/bin
PATH: /home/yj/Work_DevelopeEnv/android8-toolchain/bin
PATH: /opt/jdk/jdk1.6.0_45/bin
PATH: /usr/lib/lightdm/lightdm
PATH: /usr/local/sbin
PATH: /usr/local/bin
PATH: /usr/sbin
PATH: /usr/bin
PATH: /sbin
PATH: /bin
PATH: /usr/games


## ----------- ##
## Core tests. ##
## ----------- ##

configure:2390: checking for a BSD-compatible install
configure:2458: result: /usr/bin/install -c
configure:2469: checking whether build environment is sane
configure:2519: result: yes
configure:2568: checking for arm-linux-androideabi-strip
configure:2584: found /home/yj/Work_DevelopeEnv/android8-toolchain/bin/arm-linux-androideabi-strip
configure:2595: result: arm-linux-androideabi-strip
configure:2660: checking for a thread-safe mkdir -p
configure:2699: result: /bin/mkdir -p
configure:2712: checking for gawk
configure:2742: result: no
configure:2712: checking for mawk
configure:2728: found /usr/bin/mawk
configure:2739: result: mawk
configure:2750: checking whether make sets $(MAKE)
configure:2772: result: yes
configure:2865: checking build system type
configure:2879: result: i686-pc-linux-gnu
configure:2899: checking host system type
configure:2912: result: arm-unknown-linux-androideabi
configure:2942: checking for arm-linux-androideabi-gcc
configure:2969: result: arm-linux-androideabi-gcc
configure:3238: checking for C compiler version
configure:3247: arm-linux-androideabi-gcc --version >&5
arm-linux-androideabi-gcc (GCC) 4.4.3
Copyright (C) 2009 Free Software Foundation, Inc.
This is free software; see the source for copying conditions.  There is NO
warranty; not even for MERCHANTABILITY or FITNESS FOR A PARTICULAR PURPOSE.

configure:3258: $? = 0
configure:3247: arm-linux-androideabi-gcc -v >&5
Using built-in specs.
Target: arm-linux-androideabi
Configured with: /tmp/ndk-digit/src/build/../gcc/gcc-4.4.3/configure --prefix=/opt/digit/repo/master/ndk/toolchains/arm-linux-androideabi-4.4.3/prebuilt/linux-x86 --target=arm-linux-androideabi --host=x86_64-linux-gnu --build=x86_64-linux-gnu --with-gnu-as --with-gnu-ld --enable-languages=c,c++ --with-gmp=/tmp/ndk-digit/build/toolchain/temp-install --with-mpfr=/tmp/ndk-digit/build/toolchain/temp-install --disable-libssp --enable-threads --disable-nls --disable-libmudflap --disable-libgomp --disable-libstdc__-v3 --disable-sjlj-exceptions --disable-shared --disable-tls --with-float=soft --with-fpu=vfp --with-arch=armv5te --enable-target-optspace --enable-initfini-array --disable-nls --prefix=/opt/digit/repo/master/ndk/toolchains/arm-linux-androideabi-4.4.3/prebuilt/linux-x86 --with-sysroot=/opt/digit/repo/master/ndk/toolchains/arm-linux-androideabi-4.4.3/prebuilt/linux-x86/sysroot --with-binutils-version=2.19 --with-mpfr-version=2.4.1 --with-mpc-version=0.8.1 --with-gmp-version=4.2.4 --with-gcc-version=4.4.3 --with-gdb-version=6.6 --disable-bootstrap --disable-libquadmath --disable-plugin --with-arch=armv5te --program-transform-name='s,^,arm-linux-androideabi-,'
Thread model: posix
gcc version 4.4.3 (GCC) 
configure:3258: $? = 0
configure:3247: arm-linux-androideabi-gcc -V >&5
arm-linux-androideabi-gcc: '-V' option must have argument
configure:3258: $? = 1
configure:3247: arm-linux-androideabi-gcc -qversion >&5
arm-linux-androideabi-gcc: unrecognized option '-qversion'
arm-linux-androideabi-gcc: no input files
configure:3258: $? = 1
configure:3278: checking whether the C compiler works
configure:3300: arm-linux-androideabi-gcc    conftest.c  >&5
configure:3304: $? = 0
configure:3352: result: yes
configure:3355: checking for C compiler default output file name
configure:3357: result: a.out
configure:3363: checking for suffix of executables
configure:3370: arm-linux-androideabi-gcc -o conftest    conftest.c  >&5
configure:3374: $? = 0
configure:3396: result: 
configure:3418: checking whether we are cross compiling
configure:3426: arm-linux-androideabi-gcc -o conftest    conftest.c  >&5
configure:3430: $? = 0
configure:3437: ./conftest
./configure: line 3439: ./conftest: cannot execute binary file
configure:3441: $? = 126
configure:3456: result: yes
configure:3461: checking for suffix of object files
configure:3483: arm-linux-androideabi-gcc -c   conftest.c >&5
configure:3487: $? = 0
configure:3508: result: o
configure:3512: checking whether we are using the GNU C compiler
configure:3531: arm-linux-androideabi-gcc -c   conftest.c >&5
configure:3531: $? = 0
configure:3540: result: yes
configure:3549: checking whether arm-linux-androideabi-gcc accepts -g
configure:3569: arm-linux-androideabi-gcc -c -g  conftest.c >&5
configure:3569: $? = 0
configure:3610: result: yes
configure:3627: checking for arm-linux-androideabi-gcc option to accept ISO C89
configure:3691: arm-linux-androideabi-gcc  -c -g -O2  conftest.c >&5
configure:3691: $? = 0
configure:3704: result: none needed
configure:3735: checking for style of include used by make
configure:3763: result: GNU
configure:3789: checking dependency style of arm-linux-androideabi-gcc
configure:3900: result: gcc3
configure:3929: checking for arm-linux-androideabi-g++
configure:3945: found /home/yj/Work_DevelopeEnv/android8-toolchain/bin/arm-linux-androideabi-g++
configure:3956: result: arm-linux-androideabi-g++
configure:4027: checking for C++ compiler version
configure:4036: arm-linux-androideabi-g++ --version >&5
arm-linux-androideabi-g++ (GCC) 4.4.3
Copyright (C) 2009 Free Software Foundation, Inc.
This is free software; see the source for copying conditions.  There is NO
warranty; not even for MERCHANTABILITY or FITNESS FOR A PARTICULAR PURPOSE.

configure:4047: $? = 0
configure:4036: arm-linux-androideabi-g++ -v >&5
Using built-in specs.
Target: arm-linux-androideabi
Configured with: /tmp/ndk-digit/src/build/../gcc/gcc-4.4.3/configure --prefix=/opt/digit/repo/master/ndk/toolchains/arm-linux-androideabi-4.4.3/prebuilt/linux-x86 --target=arm-linux-androideabi --host=x86_64-linux-gnu --build=x86_64-linux-gnu --with-gnu-as --with-gnu-ld --enable-languages=c,c++ --with-gmp=/tmp/ndk-digit/build/toolchain/temp-install --with-mpfr=/tmp/ndk-digit/build/toolchain/temp-install --disable-libssp --enable-threads --disable-nls --disable-libmudflap --disable-libgomp --disable-libstdc__-v3 --disable-sjlj-exceptions --disable-shared --disable-tls --with-float=soft --with-fpu=vfp --with-arch=armv5te --enable-target-optspace --enable-initfini-array --disable-nls --prefix=/opt/digit/repo/master/ndk/toolchains/arm-linux-androideabi-4.4.3/prebuilt/linux-x86 --with-sysroot=/opt/digit/repo/master/ndk/toolchains/arm-linux-androideabi-4.4.3/prebuilt/linux-x86/sysroot --with-binutils-version=2.19 --with-mpfr-version=2.4.1 --with-mpc-version=0.8.1 --with-gmp-version=4.2.4 --with-gcc-version=4.4.3 --with-gdb-version=6.6 --disable-bootstrap --disable-libquadmath --disable-plugin --with-arch=armv5te --program-transform-name='s,^,arm-linux-androideabi-,'
Thread model: posix
gcc version 4.4.3 (GCC) 
configure:4047: $? = 0
configure:4036: arm-linux-androideabi-g++ -V >&5
arm-linux-androideabi-g++: '-V' option must have argument
configure:4047: $? = 1
configure:4036: arm-linux-androideabi-g++ -qversion >&5
arm-linux-androideabi-g++: unrecognized option '-qversion'
arm-linux-androideabi-g++: no input files
configure:4047: $? = 1
configure:4051: checking whether we are using the GNU C++ compiler
configure:4070: arm-linux-androideabi-g++ -c   conftest.cpp >&5
configure:4070: $? = 0
configure:4079: result: yes
configure:4088: checking whether arm-linux-androideabi-g++ accepts -g
configure:4108: arm-linux-androideabi-g++ -c -g  conftest.cpp >&5
configure:4108: $? = 0
configure:4149: result: yes
configure:4174: checking dependency style of arm-linux-androideabi-g++
configure:4285: result: gcc3
configure:4303: checking for arm-linux-androideabi-ranlib
configure:4319: found /home/yj/Work_DevelopeEnv/android8-toolchain/bin/arm-linux-androideabi-ranlib
configure:4330: result: arm-linux-androideabi-ranlib
configure:4438: checking how to print strings
configure:4465: result: printf
configure:4486: checking for a sed that does not truncate output
configure:4550: result: /bin/sed
configure:4568: checking for grep that handles long lines and -e
configure:4626: result: /bin/grep
configure:4631: checking for egrep
configure:4693: result: /bin/grep -E
configure:4698: checking for fgrep
configure:4760: result: /bin/grep -F
configure:4795: checking for ld used by arm-linux-androideabi-gcc
configure:4862: result: /home/yj/Work_DevelopeEnv/android8-toolchain/arm-linux-androideabi/bin/ld
configure:4869: checking if the linker (/home/yj/Work_DevelopeEnv/android8-toolchain/arm-linux-androideabi/bin/ld) is GNU ld
configure:4884: result: yes
configure:4896: checking for BSD- or MS-compatible name lister (nm)
configure:4945: result: /home/yj/Work_DevelopeEnv/android8-toolchain/bin/arm-linux-androideabi-nm -B
configure:5075: checking the name lister (/home/yj/Work_DevelopeEnv/android8-toolchain/bin/arm-linux-androideabi-nm -B) interface
configure:5082: arm-linux-androideabi-gcc -c -g -O2  conftest.c >&5
configure:5085: /home/yj/Work_DevelopeEnv/android8-toolchain/bin/arm-linux-androideabi-nm -B "conftest.o"
configure:5088: output
00000000 B some_variable
configure:5095: result: BSD nm
configure:5098: checking whether ln -s works
configure:5102: result: yes
configure:5110: checking the maximum length of command line arguments
configure:5240: result: 1572864
configure:5257: checking whether the shell understands some XSI constructs
configure:5267: result: yes
configure:5271: checking whether the shell understands "+="
configure:5277: result: yes
configure:5312: checking how to convert i686-pc-linux-gnu file names to arm-unknown-linux-androideabi format
configure:5352: result: func_convert_file_noop
configure:5359: checking how to convert i686-pc-linux-gnu file names to toolchain format
configure:5379: result: func_convert_file_noop
configure:5386: checking for /home/yj/Work_DevelopeEnv/android8-toolchain/arm-linux-androideabi/bin/ld option to reload object files
configure:5393: result: -r
configure:5427: checking for arm-linux-androideabi-objdump
configure:5443: found /home/yj/Work_DevelopeEnv/android8-toolchain/bin/arm-linux-androideabi-objdump
configure:5454: result: arm-linux-androideabi-objdump
configure:5526: checking how to recognize dependent libraries
configure:5728: result: pass_all
configure:5773: checking for arm-linux-androideabi-dlltool
configure:5803: result: no
configure:5813: checking for dlltool
configure:5843: result: no
configure:5873: checking how to associate runtime and link libraries
configure:5900: result: printf %s\n
configure:5917: checking for arm-linux-androideabi-ar
configure:5933: found /home/yj/Work_DevelopeEnv/android8-toolchain/bin/arm-linux-androideabi-ar
configure:5944: result: arm-linux-androideabi-ar
configure:6025: checking for archiver @FILE support
configure:6042: arm-linux-androideabi-gcc -c -g -O2  conftest.c >&5
configure:6042: $? = 0
configure:6045: arm-linux-androideabi-ar cru libconftest.a @conftest.lst >&5
configure:6048: $? = 0
configure:6053: arm-linux-androideabi-ar cru libconftest.a @conftest.lst >&5
arm-linux-androideabi-ar: conftest.o: No such file or directory
configure:6056: $? = 1
configure:6068: result: @
configure:6086: checking for arm-linux-androideabi-strip
configure:6113: result: arm-linux-androideabi-strip
configure:6185: checking for arm-linux-androideabi-ranlib
configure:6212: result: arm-linux-androideabi-ranlib
configure:6354: checking command to parse /home/yj/Work_DevelopeEnv/android8-toolchain/bin/arm-linux-androideabi-nm -B output from arm-linux-androideabi-gcc object
configure:6474: arm-linux-androideabi-gcc -c -g -O2  conftest.c >&5
configure:6477: $? = 0
configure:6481: /home/yj/Work_DevelopeEnv/android8-toolchain/bin/arm-linux-androideabi-nm -B conftest.o \| sed -n -e 's/^.*[ ]\([ABCDGIRSTW][ABCDGIRSTW]*\)[ ][ ]*\([_A-Za-z][_A-Za-z0-9]*\)$/\1 \2 \2/p' | sed '/ __gnu_lto/d' \> conftest.nm
configure:6484: $? = 0
configure:6550: arm-linux-androideabi-gcc -o conftest -g -O2   conftest.c conftstm.o >&5
configure:6553: $? = 0
configure:6591: result: ok
configure:6628: checking for sysroot
configure:6658: result: no
configure:6874: checking for arm-linux-androideabi-mt
configure:6904: result: no
configure:6914: checking for mt
configure:6930: found /bin/mt
configure:6941: result: mt
configure:6953: WARNING: using cross tools not prefixed with host triplet
configure:6964: checking if mt is a manifest tool
configure:6970: mt '-?'
configure:6978: result: no
configure:7620: checking how to run the C preprocessor
configure:7651: arm-linux-androideabi-gcc -E  conftest.c
configure:7651: $? = 0
configure:7665: arm-linux-androideabi-gcc -E  conftest.c
conftest.c:11:28: error: ac_nonexistent.h: No such file or directory
configure:7665: $? = 1
configure: failed program was:
| /* confdefs.h */
| #define PACKAGE_NAME "gloox"
| #define PACKAGE_TARNAME "gloox"
| #define PACKAGE_VERSION "1.0"
| #define PACKAGE_STRING "gloox 1.0"
| #define PACKAGE_BUGREPORT "js@camaya.net"
| #define PACKAGE_URL ""
| #define PACKAGE "gloox"
| #define VERSION "1.0"
| /* end confdefs.h.  */
| #include <ac_nonexistent.h>
configure:7690: result: arm-linux-androideabi-gcc -E
configure:7710: arm-linux-androideabi-gcc -E  conftest.c
configure:7710: $? = 0
configure:7724: arm-linux-androideabi-gcc -E  conftest.c
conftest.c:11:28: error: ac_nonexistent.h: No such file or directory
configure:7724: $? = 1
configure: failed program was:
| /* confdefs.h */
| #define PACKAGE_NAME "gloox"
| #define PACKAGE_TARNAME "gloox"
| #define PACKAGE_VERSION "1.0"
| #define PACKAGE_STRING "gloox 1.0"
| #define PACKAGE_BUGREPORT "js@camaya.net"
| #define PACKAGE_URL ""
| #define PACKAGE "gloox"
| #define VERSION "1.0"
| /* end confdefs.h.  */
| #include <ac_nonexistent.h>
configure:7753: checking for ANSI C header files
configure:7773: arm-linux-androideabi-gcc -c -g -O2  conftest.c >&5
configure:7773: $? = 0
configure:7857: result: yes
configure:7870: checking for sys/types.h
configure:7870: arm-linux-androideabi-gcc -c -g -O2  conftest.c >&5
configure:7870: $? = 0
configure:7870: result: yes
configure:7870: checking for sys/stat.h
configure:7870: arm-linux-androideabi-gcc -c -g -O2  conftest.c >&5
configure:7870: $? = 0
configure:7870: result: yes
configure:7870: checking for stdlib.h
configure:7870: arm-linux-androideabi-gcc -c -g -O2  conftest.c >&5
configure:7870: $? = 0
configure:7870: result: yes
configure:7870: checking for string.h
configure:7870: arm-linux-androideabi-gcc -c -g -O2  conftest.c >&5
configure:7870: $? = 0
configure:7870: result: yes
configure:7870: checking for memory.h
configure:7870: arm-linux-androideabi-gcc -c -g -O2  conftest.c >&5
configure:7870: $? = 0
configure:7870: result: yes
configure:7870: checking for strings.h
configure:7870: arm-linux-androideabi-gcc -c -g -O2  conftest.c >&5
configure:7870: $? = 0
configure:7870: result: yes
configure:7870: checking for inttypes.h
configure:7870: arm-linux-androideabi-gcc -c -g -O2  conftest.c >&5
configure:7870: $? = 0
configure:7870: result: yes
configure:7870: checking for stdint.h
configure:7870: arm-linux-androideabi-gcc -c -g -O2  conftest.c >&5
configure:7870: $? = 0
configure:7870: result: yes
configure:7870: checking for unistd.h
configure:7870: arm-linux-androideabi-gcc -c -g -O2  conftest.c >&5
configure:7870: $? = 0
configure:7870: result: yes
configure:7884: checking for dlfcn.h
configure:7884: arm-linux-androideabi-gcc -c -g -O2  conftest.c >&5
configure:7884: $? = 0
configure:7884: result: yes
configure:8101: checking for objdir
configure:8116: result: .libs
configure:8383: checking if arm-linux-androideabi-gcc supports -fno-rtti -fno-exceptions
configure:8401: arm-linux-androideabi-gcc -c -g -O2  -fno-rtti -fno-exceptions conftest.c >&5
cc1: warning: command line option "-fno-rtti" is valid for C++/ObjC++ but not for C
configure:8405: $? = 0
configure:8418: result: no
configure:8745: checking for arm-linux-androideabi-gcc option to produce PIC
configure:8752: result: -fPIC -DPIC
configure:8760: checking if arm-linux-androideabi-gcc PIC flag -fPIC -DPIC works
configure:8778: arm-linux-androideabi-gcc -c -g -O2  -fPIC -DPIC -DPIC conftest.c >&5
configure:8782: $? = 0
configure:8795: result: yes
configure:8824: checking if arm-linux-androideabi-gcc static flag -static works
configure:8852: result: yes
configure:8867: checking if arm-linux-androideabi-gcc supports -c -o file.o
configure:8888: arm-linux-androideabi-gcc -c -g -O2  -o out/conftest2.o conftest.c >&5
configure:8892: $? = 0
configure:8914: result: yes
configure:8922: checking if arm-linux-androideabi-gcc supports -c -o file.o
configure:8969: result: yes
configure:9002: checking whether the arm-linux-androideabi-gcc linker (/home/yj/Work_DevelopeEnv/android8-toolchain/arm-linux-androideabi/bin/ld) supports shared libraries
configure:10159: result: yes
configure:10196: checking whether -lc should be explicitly linked in
configure:10204: arm-linux-androideabi-gcc -c -g -O2  conftest.c >&5
configure:10207: $? = 0
configure:10222: arm-linux-androideabi-gcc -shared  -fPIC -DPIC conftest.o  -v -Wl,-soname -Wl,conftest -o conftest 2\>\&1 \| /bin/grep  -lc  \>/dev/null 2\>\&1
configure:10225: $? = 0
configure:10239: result: no
configure:10399: checking dynamic linker characteristics
configure:10910: arm-linux-androideabi-gcc -o conftest -g -O2   -Wl,-rpath -Wl,/foo conftest.c  >&5
configure:10910: $? = 0
configure:11144: result: GNU/Linux ld.so
configure:11251: checking how to hardcode library paths into programs
configure:11276: result: immediate
configure:11816: checking whether stripping libraries is possible
configure:11821: result: yes
configure:11856: checking if libtool supports shared libraries
configure:11858: result: yes
configure:11861: checking whether to build shared libraries
configure:11882: result: yes
configure:11885: checking whether to build static libraries
configure:11889: result: yes
configure:11912: checking how to run the C++ preprocessor
configure:11939: arm-linux-androideabi-g++ -E  conftest.cpp
configure:11939: $? = 0
configure:11953: arm-linux-androideabi-g++ -E  conftest.cpp
conftest.cpp:23:28: error: ac_nonexistent.h: No such file or directory
configure:11953: $? = 1
configure: failed program was:
| /* confdefs.h */
| #define PACKAGE_NAME "gloox"
| #define PACKAGE_TARNAME "gloox"
| #define PACKAGE_VERSION "1.0"
| #define PACKAGE_STRING "gloox 1.0"
| #define PACKAGE_BUGREPORT "js@camaya.net"
| #define PACKAGE_URL ""
| #define PACKAGE "gloox"
| #define VERSION "1.0"
| #define STDC_HEADERS 1
| #define HAVE_SYS_TYPES_H 1
| #define HAVE_SYS_STAT_H 1
| #define HAVE_STDLIB_H 1
| #define HAVE_STRING_H 1
| #define HAVE_MEMORY_H 1
| #define HAVE_STRINGS_H 1
| #define HAVE_INTTYPES_H 1
| #define HAVE_STDINT_H 1
| #define HAVE_UNISTD_H 1
| #define HAVE_DLFCN_H 1
| #define LT_OBJDIR ".libs/"
| /* end confdefs.h.  */
| #include <ac_nonexistent.h>
configure:11978: result: arm-linux-androideabi-g++ -E
configure:11998: arm-linux-androideabi-g++ -E  conftest.cpp
configure:11998: $? = 0
configure:12012: arm-linux-androideabi-g++ -E  conftest.cpp
conftest.cpp:23:28: error: ac_nonexistent.h: No such file or directory
configure:12012: $? = 1
configure: failed program was:
| /* confdefs.h */
| #define PACKAGE_NAME "gloox"
| #define PACKAGE_TARNAME "gloox"
| #define PACKAGE_VERSION "1.0"
| #define PACKAGE_STRING "gloox 1.0"
| #define PACKAGE_BUGREPORT "js@camaya.net"
| #define PACKAGE_URL ""
| #define PACKAGE "gloox"
| #define VERSION "1.0"
| #define STDC_HEADERS 1
| #define HAVE_SYS_TYPES_H 1
| #define HAVE_SYS_STAT_H 1
| #define HAVE_STDLIB_H 1
| #define HAVE_STRING_H 1
| #define HAVE_MEMORY_H 1
| #define HAVE_STRINGS_H 1
| #define HAVE_INTTYPES_H 1
| #define HAVE_STDINT_H 1
| #define HAVE_UNISTD_H 1
| #define HAVE_DLFCN_H 1
| #define LT_OBJDIR ".libs/"
| /* end confdefs.h.  */
| #include <ac_nonexistent.h>
configure:12181: checking for ld used by arm-linux-androideabi-g++
configure:12248: result: /home/yj/Work_DevelopeEnv/android8-toolchain/arm-linux-androideabi/bin/ld
configure:12255: checking if the linker (/home/yj/Work_DevelopeEnv/android8-toolchain/arm-linux-androideabi/bin/ld) is GNU ld
configure:12270: result: yes
configure:12325: checking whether the arm-linux-androideabi-g++ linker (/home/yj/Work_DevelopeEnv/android8-toolchain/arm-linux-androideabi/bin/ld) supports shared libraries
configure:13330: result: yes
configure:13366: arm-linux-androideabi-g++ -c -g -O2  conftest.cpp >&5
configure:13369: $? = 0
configure:13889: checking for arm-linux-androideabi-g++ option to produce PIC
configure:13896: result: -fPIC -DPIC
configure:13904: checking if arm-linux-androideabi-g++ PIC flag -fPIC -DPIC works
configure:13922: arm-linux-androideabi-g++ -c -g -O2  -fPIC -DPIC -DPIC conftest.cpp >&5
configure:13926: $? = 0
configure:13939: result: yes
configure:13962: checking if arm-linux-androideabi-g++ static flag -static works
configure:13990: result: yes
configure:14002: checking if arm-linux-androideabi-g++ supports -c -o file.o
configure:14023: arm-linux-androideabi-g++ -c -g -O2  -o out/conftest2.o conftest.cpp >&5
configure:14027: $? = 0
configure:14049: result: yes
configure:14054: checking if arm-linux-androideabi-g++ supports -c -o file.o
configure:14101: result: yes
configure:14131: checking whether the arm-linux-androideabi-g++ linker (/home/yj/Work_DevelopeEnv/android8-toolchain/arm-linux-androideabi/bin/ld) supports shared libraries
configure:14170: result: yes
configure:14311: checking dynamic linker characteristics
configure:14990: result: GNU/Linux ld.so
configure:15043: checking how to hardcode library paths into programs
configure:15068: result: immediate
configure:15168: checking idna.h usability
configure:15168: arm-linux-androideabi-gcc -c -g -O2  conftest.c >&5
conftest.c:56:18: error: idna.h: No such file or directory
configure:15168: $? = 1
configure: failed program was:
| /* confdefs.h */
| #define PACKAGE_NAME "gloox"
| #define PACKAGE_TARNAME "gloox"
| #define PACKAGE_VERSION "1.0"
| #define PACKAGE_STRING "gloox 1.0"
| #define PACKAGE_BUGREPORT "js@camaya.net"
| #define PACKAGE_URL ""
| #define PACKAGE "gloox"
| #define VERSION "1.0"
| #define STDC_HEADERS 1
| #define HAVE_SYS_TYPES_H 1
| #define HAVE_SYS_STAT_H 1
| #define HAVE_STDLIB_H 1
| #define HAVE_STRING_H 1
| #define HAVE_MEMORY_H 1
| #define HAVE_STRINGS_H 1
| #define HAVE_INTTYPES_H 1
| #define HAVE_STDINT_H 1
| #define HAVE_UNISTD_H 1
| #define HAVE_DLFCN_H 1
| #define LT_OBJDIR ".libs/"
| /* end confdefs.h.  */
| #include <stdio.h>
| #ifdef HAVE_SYS_TYPES_H
| # include <sys/types.h>
| #endif
| #ifdef HAVE_SYS_STAT_H
| # include <sys/stat.h>
| #endif
| #ifdef STDC_HEADERS
| # include <stdlib.h>
| # include <stddef.h>
| #else
| # ifdef HAVE_STDLIB_H
| #  include <stdlib.h>
| # endif
| #endif
| #ifdef HAVE_STRING_H
| # if !defined STDC_HEADERS && defined HAVE_MEMORY_H
| #  include <memory.h>
| # endif
| # include <string.h>
| #endif
| #ifdef HAVE_STRINGS_H
| # include <strings.h>
| #endif
| #ifdef HAVE_INTTYPES_H
| # include <inttypes.h>
| #endif
| #ifdef HAVE_STDINT_H
| # include <stdint.h>
| #endif
| #ifdef HAVE_UNISTD_H
| # include <unistd.h>
| #endif
| #include <idna.h>
configure:15168: result: no
configure:15168: checking idna.h presence
configure:15168: arm-linux-androideabi-gcc -E  conftest.c
conftest.c:23:18: error: idna.h: No such file or directory
configure:15168: $? = 1
configure: failed program was:
| /* confdefs.h */
| #define PACKAGE_NAME "gloox"
| #define PACKAGE_TARNAME "gloox"
| #define PACKAGE_VERSION "1.0"
| #define PACKAGE_STRING "gloox 1.0"
| #define PACKAGE_BUGREPORT "js@camaya.net"
| #define PACKAGE_URL ""
| #define PACKAGE "gloox"
| #define VERSION "1.0"
| #define STDC_HEADERS 1
| #define HAVE_SYS_TYPES_H 1
| #define HAVE_SYS_STAT_H 1
| #define HAVE_STDLIB_H 1
| #define HAVE_STRING_H 1
| #define HAVE_MEMORY_H 1
| #define HAVE_STRINGS_H 1
| #define HAVE_INTTYPES_H 1
| #define HAVE_STDINT_H 1
| #define HAVE_UNISTD_H 1
| #define HAVE_DLFCN_H 1
| #define LT_OBJDIR ".libs/"
| /* end confdefs.h.  */
| #include <idna.h>
configure:15168: result: no
configure:15168: checking for idna.h
configure:15168: result: no
configure:15223: WARNING: Libidn not found
configure:15226: checking if Libidn should be used
configure:15228: result: no
configure:15281: checking gnutls/gnutls.h usability
configure:15281: arm-linux-androideabi-gcc -c -g -O2  conftest.c >&5
conftest.c:56:27: error: gnutls/gnutls.h: No such file or directory
configure:15281: $? = 1
configure: failed program was:
| /* confdefs.h */
| #define PACKAGE_NAME "gloox"
| #define PACKAGE_TARNAME "gloox"
| #define PACKAGE_VERSION "1.0"
| #define PACKAGE_STRING "gloox 1.0"
| #define PACKAGE_BUGREPORT "js@camaya.net"
| #define PACKAGE_URL ""
| #define PACKAGE "gloox"
| #define VERSION "1.0"
| #define STDC_HEADERS 1
| #define HAVE_SYS_TYPES_H 1
| #define HAVE_SYS_STAT_H 1
| #define HAVE_STDLIB_H 1
| #define HAVE_STRING_H 1
| #define HAVE_MEMORY_H 1
| #define HAVE_STRINGS_H 1
| #define HAVE_INTTYPES_H 1
| #define HAVE_STDINT_H 1
| #define HAVE_UNISTD_H 1
| #define HAVE_DLFCN_H 1
| #define LT_OBJDIR ".libs/"
| /* end confdefs.h.  */
| #include <stdio.h>
| #ifdef HAVE_SYS_TYPES_H
| # include <sys/types.h>
| #endif
| #ifdef HAVE_SYS_STAT_H
| # include <sys/stat.h>
| #endif
| #ifdef STDC_HEADERS
| # include <stdlib.h>
| # include <stddef.h>
| #else
| # ifdef HAVE_STDLIB_H
| #  include <stdlib.h>
| # endif
| #endif
| #ifdef HAVE_STRING_H
| # if !defined STDC_HEADERS && defined HAVE_MEMORY_H
| #  include <memory.h>
| # endif
| # include <string.h>
| #endif
| #ifdef HAVE_STRINGS_H
| # include <strings.h>
| #endif
| #ifdef HAVE_INTTYPES_H
| # include <inttypes.h>
| #endif
| #ifdef HAVE_STDINT_H
| # include <stdint.h>
| #endif
| #ifdef HAVE_UNISTD_H
| # include <unistd.h>
| #endif
| #include <gnutls/gnutls.h>
configure:15281: result: no
configure:15281: checking gnutls/gnutls.h presence
configure:15281: arm-linux-androideabi-gcc -E  conftest.c
conftest.c:23:27: error: gnutls/gnutls.h: No such file or directory
configure:15281: $? = 1
configure: failed program was:
| /* confdefs.h */
| #define PACKAGE_NAME "gloox"
| #define PACKAGE_TARNAME "gloox"
| #define PACKAGE_VERSION "1.0"
| #define PACKAGE_STRING "gloox 1.0"
| #define PACKAGE_BUGREPORT "js@camaya.net"
| #define PACKAGE_URL ""
| #define PACKAGE "gloox"
| #define VERSION "1.0"
| #define STDC_HEADERS 1
| #define HAVE_SYS_TYPES_H 1
| #define HAVE_SYS_STAT_H 1
| #define HAVE_STDLIB_H 1
| #define HAVE_STRING_H 1
| #define HAVE_MEMORY_H 1
| #define HAVE_STRINGS_H 1
| #define HAVE_INTTYPES_H 1
| #define HAVE_STDINT_H 1
| #define HAVE_UNISTD_H 1
| #define HAVE_DLFCN_H 1
| #define LT_OBJDIR ".libs/"
| /* end confdefs.h.  */
| #include <gnutls/gnutls.h>
configure:15281: result: no
configure:15281: checking for gnutls/gnutls.h
configure:15281: result: no
configure:15337: WARNING: GnuTLS not found
configure:15340: checking if GnuTLS should be used
configure:15342: result: no
configure:15362: checking openssl/ssl.h usability
configure:15362: arm-linux-androideabi-gcc -c -g -O2  -I/home/yj/Work_Folder/Kunlun/openssl/Install_Dir/openssl-1.0.1e_version_not_end/include conftest.c >&5
configure:15362: $? = 0
configure:15362: result: yes
configure:15362: checking openssl/ssl.h presence
configure:15362: arm-linux-androideabi-gcc -E  -I/home/yj/Work_Folder/Kunlun/openssl/Install_Dir/openssl-1.0.1e_version_not_end/include conftest.c
configure:15362: $? = 0
configure:15362: result: yes
configure:15362: checking for openssl/ssl.h
configure:15362: result: yes
configure:15364: checking for SSL_library_init in -lssl
configure:15389: arm-linux-androideabi-gcc -o conftest -g -O2  -I/home/yj/Work_Folder/Kunlun/openssl/Install_Dir/openssl-1.0.1e_version_not_end/include  -L/home/yj/Work_Folder/Kunlun/openssl/Install_Dir/openssl-1.0.1e_version_not_end/lib conftest.c -lssl   -lssl -lcrypto >&5
configure:15389: $? = 0
configure:15398: result: yes
configure:15420: checking if OpenSSL should be used
configure:15422: result: yes
configure:15439: checking zlib.h usability
configure:15439: arm-linux-androideabi-gcc -c -g -O2  -I/home/yj/Work_Folder/Kunlun/openssl/Install_Dir/openssl-1.0.1e_version_not_end/include conftest.c >&5
configure:15439: $? = 0
configure:15439: result: yes
configure:15439: checking zlib.h presence
configure:15439: arm-linux-androideabi-gcc -E  -I/home/yj/Work_Folder/Kunlun/openssl/Install_Dir/openssl-1.0.1e_version_not_end/include conftest.c
configure:15439: $? = 0
configure:15439: result: yes
configure:15439: checking for zlib.h
configure:15439: result: yes
configure:15441: checking for zlibVersion in -lz
configure:15466: arm-linux-androideabi-gcc -o conftest -g -O2  -I/home/yj/Work_Folder/Kunlun/openssl/Install_Dir/openssl-1.0.1e_version_not_end/include  -L/home/yj/Work_Folder/Kunlun/openssl/Install_Dir/openssl-1.0.1e_version_not_end/lib conftest.c -lz   -lssl -lcrypto >&5
configure:15466: $? = 0
configure:15475: result: yes
configure:15497: checking if Zlib should be used
configure:15499: result: yes
configure:15667: checking for the pthreads library -lpthreads
configure:15700: arm-linux-androideabi-gcc -o conftest -g -O2   -I/home/yj/Work_Folder/Kunlun/openssl/Install_Dir/openssl-1.0.1e_version_not_end/include  -L/home/yj/Work_Folder/Kunlun/openssl/Install_Dir/openssl-1.0.1e_version_not_end/lib conftest.c -lpthreads  -lssl -lcrypto -lz >&5
/home/yj/Work_DevelopeEnv/android8-toolchain/bin/../lib/gcc/arm-linux-androideabi/4.4.3/../../../../arm-linux-androideabi/bin/ld: cannot find -lpthreads
collect2: ld returned 1 exit status
configure:15700: $? = 1
configure: failed program was:
| /* confdefs.h */
| #define PACKAGE_NAME "gloox"
| #define PACKAGE_TARNAME "gloox"
| #define PACKAGE_VERSION "1.0"
| #define PACKAGE_STRING "gloox 1.0"
| #define PACKAGE_BUGREPORT "js@camaya.net"
| #define PACKAGE_URL ""
| #define PACKAGE "gloox"
| #define VERSION "1.0"
| #define STDC_HEADERS 1
| #define HAVE_SYS_TYPES_H 1
| #define HAVE_SYS_STAT_H 1
| #define HAVE_STDLIB_H 1
| #define HAVE_STRING_H 1
| #define HAVE_MEMORY_H 1
| #define HAVE_STRINGS_H 1
| #define HAVE_INTTYPES_H 1
| #define HAVE_STDINT_H 1
| #define HAVE_UNISTD_H 1
| #define HAVE_DLFCN_H 1
| #define LT_OBJDIR ".libs/"
| #define HAVE_OPENSSL 1
| #define HAVE_ZLIB 1
| /* end confdefs.h.  */
| #include <pthread.h>
| int
| main ()
| {
| pthread_t th; pthread_join(th, 0);
|                      pthread_attr_init(0); pthread_cleanup_push(0, 0);
|                      pthread_create(0,0,0,0); pthread_cleanup_pop(0);
|   ;
|   return 0;
| }
configure:15709: result: no
configure:15612: checking whether pthreads work without any flags
configure:15700: arm-linux-androideabi-gcc -o conftest -g -O2   -I/home/yj/Work_Folder/Kunlun/openssl/Install_Dir/openssl-1.0.1e_version_not_end/include  -L/home/yj/Work_Folder/Kunlun/openssl/Install_Dir/openssl-1.0.1e_version_not_end/lib conftest.c   -lssl -lcrypto -lz >&5
configure:15700: $? = 0
configure:15709: result: yes
configure:15728: checking for joinable pthread attribute
configure:15743: arm-linux-androideabi-gcc -o conftest -g -O2   -I/home/yj/Work_Folder/Kunlun/openssl/Install_Dir/openssl-1.0.1e_version_not_end/include  -L/home/yj/Work_Folder/Kunlun/openssl/Install_Dir/openssl-1.0.1e_version_not_end/lib conftest.c   -lssl -lcrypto -lz >&5
configure:15743: $? = 0
configure:15749: result: PTHREAD_CREATE_JOINABLE
configure:15759: checking if more special flags are required for pthreads
configure:15766: result: no
configure:15854: checking for res_querydomain
configure:15854: arm-linux-androideabi-gcc -o conftest -g -O2  -I/home/yj/Work_Folder/Kunlun/openssl/Install_Dir/openssl-1.0.1e_version_not_end/include   -L/home/yj/Work_Folder/Kunlun/openssl/Install_Dir/openssl-1.0.1e_version_not_end/lib  conftest.c   -lssl -lcrypto -lz >&5
/tmp/cc097L5u.o: In function `main':
/home/yj/Work_Folder/Kunlun/KLXmppStack_ongoing2/gloox/conftest.c:60: undefined reference to `res_querydomain'
collect2: ld returned 1 exit status
configure:15854: $? = 1
configure: failed program was:
| /* confdefs.h */
| #define PACKAGE_NAME "gloox"
| #define PACKAGE_TARNAME "gloox"
| #define PACKAGE_VERSION "1.0"
| #define PACKAGE_STRING "gloox 1.0"
| #define PACKAGE_BUGREPORT "js@camaya.net"
| #define PACKAGE_URL ""
| #define PACKAGE "gloox"
| #define VERSION "1.0"
| #define STDC_HEADERS 1
| #define HAVE_SYS_TYPES_H 1
| #define HAVE_SYS_STAT_H 1
| #define HAVE_STDLIB_H 1
| #define HAVE_STRING_H 1
| #define HAVE_MEMORY_H 1
| #define HAVE_STRINGS_H 1
| #define HAVE_INTTYPES_H 1
| #define HAVE_STDINT_H 1
| #define HAVE_UNISTD_H 1
| #define HAVE_DLFCN_H 1
| #define LT_OBJDIR ".libs/"
| #define HAVE_OPENSSL 1
| #define HAVE_ZLIB 1
| #define HAVE_PTHREAD 1
| /* end confdefs.h.  */
| /* Define res_querydomain to an innocuous variant, in case <limits.h> declares res_querydomain.
|    For example, HP-UX 11i <limits.h> declares gettimeofday.  */
| #define res_querydomain innocuous_res_querydomain
| 
| /* System header to define __stub macros and hopefully few prototypes,
|     which can conflict with char res_querydomain (); below.
|     Prefer <limits.h> to <assert.h> if __STDC__ is defined, since
|     <limits.h> exists even on freestanding compilers.  */
| 
| #ifdef __STDC__
| # include <limits.h>
| #else
| # include <assert.h>
| #endif
| 
| #undef res_querydomain
| 
| /* Override any GCC internal prototype to avoid an error.
|    Use char because int might match the return type of a GCC
|    builtin and then its argument prototype would still apply.  */
| #ifdef __cplusplus
| extern "C"
| #endif
| char res_querydomain ();
| /* The GNU C library defines this for functions which it implements
|     to always fail with ENOSYS.  Some functions are actually named
|     something starting with __ and the normal name is an alias.  */
| #if defined __stub_res_querydomain || defined __stub___res_querydomain
| choke me
| #endif
| 
| int
| main ()
| {
| return res_querydomain ();
|   ;
|   return 0;
| }
configure:15854: result: no
configure:15866: checking for res_querydomain in -lresolv
configure:15891: arm-linux-androideabi-gcc -o conftest -g -O2  -I/home/yj/Work_Folder/Kunlun/openssl/Install_Dir/openssl-1.0.1e_version_not_end/include   -L/home/yj/Work_Folder/Kunlun/openssl/Install_Dir/openssl-1.0.1e_version_not_end/lib  conftest.c -lresolv    -lssl -lcrypto -lz >&5
/home/yj/Work_DevelopeEnv/android8-toolchain/bin/../lib/gcc/arm-linux-androideabi/4.4.3/../../../../arm-linux-androideabi/bin/ld: cannot find -lresolv
collect2: ld returned 1 exit status
configure:15891: $? = 1
configure: failed program was:
| /* confdefs.h */
| #define PACKAGE_NAME "gloox"
| #define PACKAGE_TARNAME "gloox"
| #define PACKAGE_VERSION "1.0"
| #define PACKAGE_STRING "gloox 1.0"
| #define PACKAGE_BUGREPORT "js@camaya.net"
| #define PACKAGE_URL ""
| #define PACKAGE "gloox"
| #define VERSION "1.0"
| #define STDC_HEADERS 1
| #define HAVE_SYS_TYPES_H 1
| #define HAVE_SYS_STAT_H 1
| #define HAVE_STDLIB_H 1
| #define HAVE_STRING_H 1
| #define HAVE_MEMORY_H 1
| #define HAVE_STRINGS_H 1
| #define HAVE_INTTYPES_H 1
| #define HAVE_STDINT_H 1
| #define HAVE_UNISTD_H 1
| #define HAVE_DLFCN_H 1
| #define LT_OBJDIR ".libs/"
| #define HAVE_OPENSSL 1
| #define HAVE_ZLIB 1
| #define HAVE_PTHREAD 1
| /* end confdefs.h.  */
| 
| /* Override any GCC internal prototype to avoid an error.
|    Use char because int might match the return type of a GCC
|    builtin and then its argument prototype would still apply.  */
| #ifdef __cplusplus
| extern "C"
| #endif
| char res_querydomain ();
| int
| main ()
| {
| return res_querydomain ();
|   ;
|   return 0;
| }
configure:15900: result: no
configure:15916: checking for res_querydomain in -lbind
configure:15941: arm-linux-androideabi-gcc -o conftest -g -O2  -I/home/yj/Work_Folder/Kunlun/openssl/Install_Dir/openssl-1.0.1e_version_not_end/include   -L/home/yj/Work_Folder/Kunlun/openssl/Install_Dir/openssl-1.0.1e_version_not_end/lib  conftest.c -lbind    -lssl -lcrypto -lz >&5
/home/yj/Work_DevelopeEnv/android8-toolchain/bin/../lib/gcc/arm-linux-androideabi/4.4.3/../../../../arm-linux-androideabi/bin/ld: cannot find -lbind
collect2: ld returned 1 exit status
configure:15941: $? = 1
configure: failed program was:
| /* confdefs.h */
| #define PACKAGE_NAME "gloox"
| #define PACKAGE_TARNAME "gloox"
| #define PACKAGE_VERSION "1.0"
| #define PACKAGE_STRING "gloox 1.0"
| #define PACKAGE_BUGREPORT "js@camaya.net"
| #define PACKAGE_URL ""
| #define PACKAGE "gloox"
| #define VERSION "1.0"
| #define STDC_HEADERS 1
| #define HAVE_SYS_TYPES_H 1
| #define HAVE_SYS_STAT_H 1
| #define HAVE_STDLIB_H 1
| #define HAVE_STRING_H 1
| #define HAVE_MEMORY_H 1
| #define HAVE_STRINGS_H 1
| #define HAVE_INTTYPES_H 1
| #define HAVE_STDINT_H 1
| #define HAVE_UNISTD_H 1
| #define HAVE_DLFCN_H 1
| #define LT_OBJDIR ".libs/"
| #define HAVE_OPENSSL 1
| #define HAVE_ZLIB 1
| #define HAVE_PTHREAD 1
| /* end confdefs.h.  */
| 
| /* Override any GCC internal prototype to avoid an error.
|    Use char because int might match the return type of a GCC
|    builtin and then its argument prototype would still apply.  */
| #ifdef __cplusplus
| extern "C"
| #endif
| char res_querydomain ();
| int
| main ()
| {
| return res_querydomain ();
|   ;
|   return 0;
| }
configure:15950: result: no
configure:15966: checking for res_querydomain in -lresolv (alternate version)
configure:15981: arm-linux-androideabi-gcc -o conftest -g -O2  -I/home/yj/Work_Folder/Kunlun/openssl/Install_Dir/openssl-1.0.1e_version_not_end/include   -L/home/yj/Work_Folder/Kunlun/openssl/Install_Dir/openssl-1.0.1e_version_not_end/lib  conftest.c -lresolv   -lssl -lcrypto -lz >&5
/home/yj/Work_DevelopeEnv/android8-toolchain/bin/../lib/gcc/arm-linux-androideabi/4.4.3/../../../../arm-linux-androideabi/bin/ld: cannot find -lresolv
collect2: ld returned 1 exit status
configure:15981: $? = 1
configure: failed program was:
| /* confdefs.h */
| #define PACKAGE_NAME "gloox"
| #define PACKAGE_TARNAME "gloox"
| #define PACKAGE_VERSION "1.0"
| #define PACKAGE_STRING "gloox 1.0"
| #define PACKAGE_BUGREPORT "js@camaya.net"
| #define PACKAGE_URL ""
| #define PACKAGE "gloox"
| #define VERSION "1.0"
| #define STDC_HEADERS 1
| #define HAVE_SYS_TYPES_H 1
| #define HAVE_SYS_STAT_H 1
| #define HAVE_STDLIB_H 1
| #define HAVE_STRING_H 1
| #define HAVE_MEMORY_H 1
| #define HAVE_STRINGS_H 1
| #define HAVE_INTTYPES_H 1
| #define HAVE_STDINT_H 1
| #define HAVE_UNISTD_H 1
| #define HAVE_DLFCN_H 1
| #define LT_OBJDIR ".libs/"
| #define HAVE_OPENSSL 1
| #define HAVE_ZLIB 1
| #define HAVE_PTHREAD 1
| /* end confdefs.h.  */
| #include <resolv.h>
| int
| main ()
| {
| res_querydomain(0,0,0,0,0,0)
|   ;
|   return 0;
| }
configure:15988: result: no
configure:16000: checking for dn_skipname
configure:16000: arm-linux-androideabi-gcc -o conftest -g -O2  -I/home/yj/Work_Folder/Kunlun/openssl/Install_Dir/openssl-1.0.1e_version_not_end/include   -L/home/yj/Work_Folder/Kunlun/openssl/Install_Dir/openssl-1.0.1e_version_not_end/lib  conftest.c   -lssl -lcrypto -lz >&5
/tmp/cc05xSkQ.o: In function `main':
/home/yj/Work_Folder/Kunlun/KLXmppStack_ongoing2/gloox/conftest.c:60: undefined reference to `dn_skipname'
collect2: ld returned 1 exit status
configure:16000: $? = 1
configure: failed program was:
| /* confdefs.h */
| #define PACKAGE_NAME "gloox"
| #define PACKAGE_TARNAME "gloox"
| #define PACKAGE_VERSION "1.0"
| #define PACKAGE_STRING "gloox 1.0"
| #define PACKAGE_BUGREPORT "js@camaya.net"
| #define PACKAGE_URL ""
| #define PACKAGE "gloox"
| #define VERSION "1.0"
| #define STDC_HEADERS 1
| #define HAVE_SYS_TYPES_H 1
| #define HAVE_SYS_STAT_H 1
| #define HAVE_STDLIB_H 1
| #define HAVE_STRING_H 1
| #define HAVE_MEMORY_H 1
| #define HAVE_STRINGS_H 1
| #define HAVE_INTTYPES_H 1
| #define HAVE_STDINT_H 1
| #define HAVE_UNISTD_H 1
| #define HAVE_DLFCN_H 1
| #define LT_OBJDIR ".libs/"
| #define HAVE_OPENSSL 1
| #define HAVE_ZLIB 1
| #define HAVE_PTHREAD 1
| /* end confdefs.h.  */
| /* Define dn_skipname to an innocuous variant, in case <limits.h> declares dn_skipname.
|    For example, HP-UX 11i <limits.h> declares gettimeofday.  */
| #define dn_skipname innocuous_dn_skipname
| 
| /* System header to define __stub macros and hopefully few prototypes,
|     which can conflict with char dn_skipname (); below.
|     Prefer <limits.h> to <assert.h> if __STDC__ is defined, since
|     <limits.h> exists even on freestanding compilers.  */
| 
| #ifdef __STDC__
| # include <limits.h>
| #else
| # include <assert.h>
| #endif
| 
| #undef dn_skipname
| 
| /* Override any GCC internal prototype to avoid an error.
|    Use char because int might match the return type of a GCC
|    builtin and then its argument prototype would still apply.  */
| #ifdef __cplusplus
| extern "C"
| #endif
| char dn_skipname ();
| /* The GNU C library defines this for functions which it implements
|     to always fail with ENOSYS.  Some functions are actually named
|     something starting with __ and the normal name is an alias.  */
| #if defined __stub_dn_skipname || defined __stub___dn_skipname
| choke me
| #endif
| 
| int
| main ()
| {
| return dn_skipname ();
|   ;
|   return 0;
| }
configure:16000: result: no
configure:16012: checking for dn_skipname in -lresolv
configure:16037: arm-linux-androideabi-gcc -o conftest -g -O2  -I/home/yj/Work_Folder/Kunlun/openssl/Install_Dir/openssl-1.0.1e_version_not_end/include   -L/home/yj/Work_Folder/Kunlun/openssl/Install_Dir/openssl-1.0.1e_version_not_end/lib  conftest.c -lresolv    -lssl -lcrypto -lz >&5
/home/yj/Work_DevelopeEnv/android8-toolchain/bin/../lib/gcc/arm-linux-androideabi/4.4.3/../../../../arm-linux-androideabi/bin/ld: cannot find -lresolv
collect2: ld returned 1 exit status
configure:16037: $? = 1
configure: failed program was:
| /* confdefs.h */
| #define PACKAGE_NAME "gloox"
| #define PACKAGE_TARNAME "gloox"
| #define PACKAGE_VERSION "1.0"
| #define PACKAGE_STRING "gloox 1.0"
| #define PACKAGE_BUGREPORT "js@camaya.net"
| #define PACKAGE_URL ""
| #define PACKAGE "gloox"
| #define VERSION "1.0"
| #define STDC_HEADERS 1
| #define HAVE_SYS_TYPES_H 1
| #define HAVE_SYS_STAT_H 1
| #define HAVE_STDLIB_H 1
| #define HAVE_STRING_H 1
| #define HAVE_MEMORY_H 1
| #define HAVE_STRINGS_H 1
| #define HAVE_INTTYPES_H 1
| #define HAVE_STDINT_H 1
| #define HAVE_UNISTD_H 1
| #define HAVE_DLFCN_H 1
| #define LT_OBJDIR ".libs/"
| #define HAVE_OPENSSL 1
| #define HAVE_ZLIB 1
| #define HAVE_PTHREAD 1
| /* end confdefs.h.  */
| 
| /* Override any GCC internal prototype to avoid an error.
|    Use char because int might match the return type of a GCC
|    builtin and then its argument prototype would still apply.  */
| #ifdef __cplusplus
| extern "C"
| #endif
| char dn_skipname ();
| int
| main ()
| {
| return dn_skipname ();
|   ;
|   return 0;
| }
configure:16046: result: no
configure:16062: checking for dn_skipname in -lbind
configure:16087: arm-linux-androideabi-gcc -o conftest -g -O2  -I/home/yj/Work_Folder/Kunlun/openssl/Install_Dir/openssl-1.0.1e_version_not_end/include   -L/home/yj/Work_Folder/Kunlun/openssl/Install_Dir/openssl-1.0.1e_version_not_end/lib  conftest.c -lbind    -lssl -lcrypto -lz >&5
/home/yj/Work_DevelopeEnv/android8-toolchain/bin/../lib/gcc/arm-linux-androideabi/4.4.3/../../../../arm-linux-androideabi/bin/ld: cannot find -lbind
collect2: ld returned 1 exit status
configure:16087: $? = 1
configure: failed program was:
| /* confdefs.h */
| #define PACKAGE_NAME "gloox"
| #define PACKAGE_TARNAME "gloox"
| #define PACKAGE_VERSION "1.0"
| #define PACKAGE_STRING "gloox 1.0"
| #define PACKAGE_BUGREPORT "js@camaya.net"
| #define PACKAGE_URL ""
| #define PACKAGE "gloox"
| #define VERSION "1.0"
| #define STDC_HEADERS 1
| #define HAVE_SYS_TYPES_H 1
| #define HAVE_SYS_STAT_H 1
| #define HAVE_STDLIB_H 1
| #define HAVE_STRING_H 1
| #define HAVE_MEMORY_H 1
| #define HAVE_STRINGS_H 1
| #define HAVE_INTTYPES_H 1
| #define HAVE_STDINT_H 1
| #define HAVE_UNISTD_H 1
| #define HAVE_DLFCN_H 1
| #define LT_OBJDIR ".libs/"
| #define HAVE_OPENSSL 1
| #define HAVE_ZLIB 1
| #define HAVE_PTHREAD 1
| /* end confdefs.h.  */
| 
| /* Override any GCC internal prototype to avoid an error.
|    Use char because int might match the return type of a GCC
|    builtin and then its argument prototype would still apply.  */
| #ifdef __cplusplus
| extern "C"
| #endif
| char dn_skipname ();
| int
| main ()
| {
| return dn_skipname ();
|   ;
|   return 0;
| }
configure:16096: result: no
configure:16112: checking for dn_skipname in -lresolv (alternate version)
configure:16128: arm-linux-androideabi-gcc -o conftest -g -O2  -I/home/yj/Work_Folder/Kunlun/openssl/Install_Dir/openssl-1.0.1e_version_not_end/include   -L/home/yj/Work_Folder/Kunlun/openssl/Install_Dir/openssl-1.0.1e_version_not_end/lib  conftest.c -lresolv   -lssl -lcrypto -lz >&5
/home/yj/Work_DevelopeEnv/android8-toolchain/bin/../lib/gcc/arm-linux-androideabi/4.4.3/../../../../arm-linux-androideabi/bin/ld: cannot find -lresolv
collect2: ld returned 1 exit status
configure:16128: $? = 1
configure: failed program was:
| /* confdefs.h */
| #define PACKAGE_NAME "gloox"
| #define PACKAGE_TARNAME "gloox"
| #define PACKAGE_VERSION "1.0"
| #define PACKAGE_STRING "gloox 1.0"
| #define PACKAGE_BUGREPORT "js@camaya.net"
| #define PACKAGE_URL ""
| #define PACKAGE "gloox"
| #define VERSION "1.0"
| #define STDC_HEADERS 1
| #define HAVE_SYS_TYPES_H 1
| #define HAVE_SYS_STAT_H 1
| #define HAVE_STDLIB_H 1
| #define HAVE_STRING_H 1
| #define HAVE_MEMORY_H 1
| #define HAVE_STRINGS_H 1
| #define HAVE_INTTYPES_H 1
| #define HAVE_STDINT_H 1
| #define HAVE_UNISTD_H 1
| #define HAVE_DLFCN_H 1
| #define LT_OBJDIR ".libs/"
| #define HAVE_OPENSSL 1
| #define HAVE_ZLIB 1
| #define HAVE_PTHREAD 1
| /* end confdefs.h.  */
| #include <netinet/in.h>
|  #include <resolv.h>
| int
| main ()
| {
| dn_skipname(0,0)
|   ;
|   return 0;
| }
configure:16135: result: no
configure:16147: checking for res_query
configure:16147: arm-linux-androideabi-gcc -o conftest -g -O2  -I/home/yj/Work_Folder/Kunlun/openssl/Install_Dir/openssl-1.0.1e_version_not_end/include   -L/home/yj/Work_Folder/Kunlun/openssl/Install_Dir/openssl-1.0.1e_version_not_end/lib  conftest.c   -lssl -lcrypto -lz >&5
configure:16147: $? = 0
configure:16147: result: yes
configure:16311: checking whether to enable debug
configure:16313: result: yes
configure:16337: checking whether to use getaddrinfo
configure:16339: result: no
configure:16342: checking for ANSI C header files
configure:16446: result: yes
configure:16457: checking for unistd.h
configure:16457: result: yes
configure:16457: checking for strings.h
configure:16457: result: yes
configure:16457: checking errno.h usability
configure:16457: arm-linux-androideabi-gcc -c -g -O2  -I/home/yj/Work_Folder/Kunlun/openssl/Install_Dir/openssl-1.0.1e_version_not_end/include  -g3 -fno-inline -DDEBUG conftest.c >&5
configure:16457: $? = 0
configure:16457: result: yes
configure:16457: checking errno.h presence
configure:16457: arm-linux-androideabi-gcc -E  -I/home/yj/Work_Folder/Kunlun/openssl/Install_Dir/openssl-1.0.1e_version_not_end/include  -g3 -fno-inline -DDEBUG conftest.c
configure:16457: $? = 0
configure:16457: result: yes
configure:16457: checking for errno.h
configure:16457: result: yes
configure:16457: checking arpa/nameser.h usability
configure:16457: arm-linux-androideabi-gcc -c -g -O2  -I/home/yj/Work_Folder/Kunlun/openssl/Install_Dir/openssl-1.0.1e_version_not_end/include  -g3 -fno-inline -DDEBUG conftest.c >&5
configure:16457: $? = 0
configure:16457: result: yes
configure:16457: checking arpa/nameser.h presence
configure:16457: arm-linux-androideabi-gcc -E  -I/home/yj/Work_Folder/Kunlun/openssl/Install_Dir/openssl-1.0.1e_version_not_end/include  -g3 -fno-inline -DDEBUG conftest.c
configure:16457: $? = 0
configure:16457: result: yes
configure:16457: checking for arpa/nameser.h
configure:16457: result: yes
configure:16469: checking for setsockopt
configure:16469: arm-linux-androideabi-gcc -o conftest -g -O2  -I/home/yj/Work_Folder/Kunlun/openssl/Install_Dir/openssl-1.0.1e_version_not_end/include  -g3 -fno-inline -DDEBUG  -L/home/yj/Work_Folder/Kunlun/openssl/Install_Dir/openssl-1.0.1e_version_not_end/lib  conftest.c   -lssl -lcrypto -lz >&5
configure:16469: $? = 0
configure:16469: result: yes
configure:16525: checking for an ANSI C-conforming const
configure:16590: arm-linux-androideabi-gcc -c -g -O2  -I/home/yj/Work_Folder/Kunlun/openssl/Install_Dir/openssl-1.0.1e_version_not_end/include  -g3 -fno-inline -DDEBUG conftest.c >&5
configure:16590: $? = 0
configure:16597: result: yes
configure:16605: checking for inline
configure:16621: arm-linux-androideabi-gcc -c -g -O2  -I/home/yj/Work_Folder/Kunlun/openssl/Install_Dir/openssl-1.0.1e_version_not_end/include  -g3 -fno-inline -DDEBUG conftest.c >&5
configure:16621: $? = 0
configure:16629: result: inline
configure:16657: checking if unit tests should be built
configure:16659: result: no
configure:16679: checking if example programs should be built
configure:16681: result: no
configure:16830: creating ./config.status

## ---------------------- ##
## Running config.status. ##
## ---------------------- ##

This file was extended by gloox config.status 1.0, which was
generated by GNU Autoconf 2.68.  Invocation command line was

  CONFIG_FILES    = 
  CONFIG_HEADERS  = 
  CONFIG_LINKS    = 
  CONFIG_COMMANDS = 
  $ ./config.status 

on yj-virtual-machine

config.status:1171: creating Makefile
config.status:1171: creating gloox.pc
config.status:1171: creating gloox-config
config.status:1171: creating src/Makefile
config.status:1171: creating config.h.unix
config.status:1352: config.h.unix is unchanged
config.status:1400: executing depfiles commands
config.status:1400: executing libtool commands

## ---------------- ##
## Cache variables. ##
## ---------------- ##

ac_cv_build=i686-pc-linux-gnu
ac_cv_c_compiler_gnu=yes
ac_cv_c_const=yes
ac_cv_c_inline=inline
ac_cv_cxx_compiler_gnu=yes
ac_cv_env_CCC_set=
ac_cv_env_CCC_value=
ac_cv_env_CC_set=set
ac_cv_env_CC_value=arm-linux-androideabi-gcc
ac_cv_env_CFLAGS_set=
ac_cv_env_CFLAGS_value=
ac_cv_env_CPPFLAGS_set=
ac_cv_env_CPPFLAGS_value=
ac_cv_env_CPP_set=
ac_cv_env_CPP_value=
ac_cv_env_CXXCPP_set=
ac_cv_env_CXXCPP_value=
ac_cv_env_CXXFLAGS_set=
ac_cv_env_CXXFLAGS_value=
ac_cv_env_CXX_set=
ac_cv_env_CXX_value=
ac_cv_env_LDFLAGS_set=
ac_cv_env_LDFLAGS_value=
ac_cv_env_LIBS_set=
ac_cv_env_LIBS_value=
ac_cv_env_build_alias_set=
ac_cv_env_build_alias_value=
ac_cv_env_host_alias_set=set
ac_cv_env_host_alias_value=arm-linux-androideabi
ac_cv_env_target_alias_set=
ac_cv_env_target_alias_value=
ac_cv_func_dn_skipname=no
ac_cv_func_res_query=yes
ac_cv_func_res_querydomain=no
ac_cv_func_setsockopt=yes
ac_cv_header_arpa_nameser_h=yes
ac_cv_header_dlfcn_h=yes
ac_cv_header_errno_h=yes
ac_cv_header_gnutls_gnutls_h=no
ac_cv_header_idna_h=no
ac_cv_header_inttypes_h=yes
ac_cv_header_memory_h=yes
ac_cv_header_openssl_ssl_h=yes
ac_cv_header_stdc=yes
ac_cv_header_stdint_h=yes
ac_cv_header_stdlib_h=yes
ac_cv_header_string_h=yes
ac_cv_header_strings_h=yes
ac_cv_header_sys_stat_h=yes
ac_cv_header_sys_types_h=yes
ac_cv_header_unistd_h=yes
ac_cv_header_zlib_h=yes
ac_cv_host=arm-unknown-linux-androideabi
ac_cv_lib_bind_dn_skipname=no
ac_cv_lib_bind_res_querydomain=no
ac_cv_lib_resolv_dn_skipname=no
ac_cv_lib_resolv_res_querydomain=no
ac_cv_lib_ssl_SSL_library_init=yes
ac_cv_lib_z_zlibVersion=yes
ac_cv_objext=o
ac_cv_path_EGREP='/bin/grep -E'
ac_cv_path_FGREP='/bin/grep -F'
ac_cv_path_GREP=/bin/grep
ac_cv_path_SED=/bin/sed
ac_cv_path_install='/usr/bin/install -c'
ac_cv_path_mkdir=/bin/mkdir
ac_cv_prog_AR=arm-linux-androideabi-ar
ac_cv_prog_AWK=mawk
ac_cv_prog_CC=arm-linux-androideabi-gcc
ac_cv_prog_CPP='arm-linux-androideabi-gcc -E'
ac_cv_prog_CXX=arm-linux-androideabi-g++
ac_cv_prog_CXXCPP='arm-linux-androideabi-g++ -E'
ac_cv_prog_OBJDUMP=arm-linux-androideabi-objdump
ac_cv_prog_RANLIB=arm-linux-androideabi-ranlib
ac_cv_prog_STRIP=arm-linux-androideabi-strip
ac_cv_prog_ac_ct_MANIFEST_TOOL=mt
ac_cv_prog_cc_c89=
ac_cv_prog_cc_g=yes
ac_cv_prog_cxx_g=yes
ac_cv_prog_make_make_set=yes
am_cv_CC_dependencies_compiler_type=gcc3
am_cv_CXX_dependencies_compiler_type=gcc3
lt_cv_ar_at_file=@
lt_cv_archive_cmds_need_lc=no
lt_cv_deplibs_check_method=pass_all
lt_cv_file_magic_cmd='$MAGIC_CMD'
lt_cv_file_magic_test_file=
lt_cv_ld_reload_flag=-r
lt_cv_nm_interface='BSD nm'
lt_cv_objdir=.libs
lt_cv_path_LD=/home/yj/Work_DevelopeEnv/android8-toolchain/arm-linux-androideabi/bin/ld
lt_cv_path_LDCXX=/home/yj/Work_DevelopeEnv/android8-toolchain/arm-linux-androideabi/bin/ld
lt_cv_path_NM='/home/yj/Work_DevelopeEnv/android8-toolchain/bin/arm-linux-androideabi-nm -B'
lt_cv_path_mainfest_tool=no
lt_cv_prog_compiler_c_o=yes
lt_cv_prog_compiler_c_o_CXX=yes
lt_cv_prog_compiler_pic='-fPIC -DPIC'
lt_cv_prog_compiler_pic_CXX='-fPIC -DPIC'
lt_cv_prog_compiler_pic_works=yes
lt_cv_prog_compiler_pic_works_CXX=yes
lt_cv_prog_compiler_rtti_exceptions=no
lt_cv_prog_compiler_static_works=yes
lt_cv_prog_compiler_static_works_CXX=yes
lt_cv_prog_gnu_ld=yes
lt_cv_prog_gnu_ldcxx=yes
lt_cv_sharedlib_from_linklib_cmd='printf %s\n'
lt_cv_shlibpath_overrides_runpath=no
lt_cv_sys_global_symbol_pipe='sed -n -e '\''s/^.*[	 ]\([ABCDGIRSTW][ABCDGIRSTW]*\)[	 ][	 ]*\([_A-Za-z][_A-Za-z0-9]*\)$/\1 \2 \2/p'\'' | sed '\''/ __gnu_lto/d'\'''
lt_cv_sys_global_symbol_to_c_name_address='sed -n -e '\''s/^: \([^ ]*\)[ ]*$/  {\"\1\", (void *) 0},/p'\'' -e '\''s/^[ABCDGIRSTW]* \([^ ]*\) \([^ ]*\)$/  {"\2", (void *) \&\2},/p'\'''
lt_cv_sys_global_symbol_to_c_name_address_lib_prefix='sed -n -e '\''s/^: \([^ ]*\)[ ]*$/  {\"\1\", (void *) 0},/p'\'' -e '\''s/^[ABCDGIRSTW]* \([^ ]*\) \(lib[^ ]*\)$/  {"\2", (void *) \&\2},/p'\'' -e '\''s/^[ABCDGIRSTW]* \([^ ]*\) \([^ ]*\)$/  {"lib\2", (void *) \&\2},/p'\'''
lt_cv_sys_global_symbol_to_cdecl='sed -n -e '\''s/^T .* \(.*\)$/extern int \1();/p'\'' -e '\''s/^[ABCDGIRSTW]* .* \(.*\)$/extern char \1;/p'\'''
lt_cv_sys_max_cmd_len=1572864
lt_cv_to_host_file_cmd=func_convert_file_noop
lt_cv_to_tool_file_cmd=func_convert_file_noop

## ----------------- ##
## Output variables. ##
## ----------------- ##

ACLOCAL='${SHELL} /home/yj/Work_Folder/Kunlun/KLXmppStack_ongoing2/gloox/missing --run aclocal-1.11'
AMDEPBACKSLASH='\'
AMDEP_FALSE='#'
AMDEP_TRUE=''
AMTAR='$${TAR-tar}'
AR='arm-linux-androideabi-ar'
AUTOCONF='${SHELL} /home/yj/Work_Folder/Kunlun/KLXmppStack_ongoing2/gloox/missing --run autoconf'
AUTOHEADER='${SHELL} /home/yj/Work_Folder/Kunlun/KLXmppStack_ongoing2/gloox/missing --run autoheader'
AUTOMAKE='${SHELL} /home/yj/Work_Folder/Kunlun/KLXmppStack_ongoing2/gloox/missing --run automake-1.11'
AWK='mawk'
CC='arm-linux-androideabi-gcc'
CCDEPMODE='depmode=gcc3'
CFLAGS='-g -O2'
CPP='arm-linux-androideabi-gcc -E'
CPPFLAGS=' -I/home/yj/Work_Folder/Kunlun/openssl/Install_Dir/openssl-1.0.1e_version_not_end/include  -g3 -fno-inline -DDEBUG'
CXX='arm-linux-androideabi-g++'
CXXCPP='arm-linux-androideabi-g++ -E'
CXXDEPMODE='depmode=gcc3'
CXXFLAGS='-g -O2 -ansi'
CYGPATH_W='echo'
DEFS='-DHAVE_CONFIG_H'
DEPDIR='.deps'
DLLTOOL='false'
DSYMUTIL=''
DUMPBIN=''
ECHO_C=''
ECHO_N='-n'
ECHO_T=''
EGREP='/bin/grep -E'
EXEEXT=''
FGREP='/bin/grep -F'
GREP='/bin/grep'
INSTALL_DATA='${INSTALL} -m 644'
INSTALL_PROGRAM='${INSTALL}'
INSTALL_SCRIPT='${INSTALL}'
INSTALL_STRIP_PROGRAM='$(install_sh) -c -s'
ISODATE='2013-09-13'
LD='/home/yj/Work_DevelopeEnv/android8-toolchain/arm-linux-androideabi/bin/ld'
LDFLAGS=' -L/home/yj/Work_Folder/Kunlun/openssl/Install_Dir/openssl-1.0.1e_version_not_end/lib '
LIBOBJS=''
LIBS='  -lssl -lcrypto -lz'
LIBTOOL='$(SHELL) $(top_builddir)/libtool'
LIPO=''
LN_S='ln -s'
LTLIBOBJS=''
MAKEINFO='${SHELL} /home/yj/Work_Folder/Kunlun/KLXmppStack_ongoing2/gloox/missing --run makeinfo'
MANIFEST_TOOL=':'
MAYBE_EXAMPLES=''
MAYBE_TESTS=''
MKDIR_P='/bin/mkdir -p'
NM='/home/yj/Work_DevelopeEnv/android8-toolchain/bin/arm-linux-androideabi-nm -B'
NMEDIT=''
OBJDUMP='arm-linux-androideabi-objdump'
OBJEXT='o'
OTOOL64=''
OTOOL=''
PACKAGE='gloox'
PACKAGE_BUGREPORT='js@camaya.net'
PACKAGE_NAME='gloox'
PACKAGE_STRING='gloox 1.0'
PACKAGE_TARNAME='gloox'
PACKAGE_URL=''
PACKAGE_VERSION='1.0'
PATH_SEPARATOR=':'
PTHREAD_CC='arm-linux-androideabi-gcc'
PTHREAD_CFLAGS=''
PTHREAD_LIBS=''
RANLIB='arm-linux-androideabi-ranlib'
SED='/bin/sed'
SET_MAKE=''
SHELL='/bin/bash'
STRIP='arm-linux-androideabi-strip'
VERSION='1.0'
ac_ct_AR=''
ac_ct_CC=''
ac_ct_CXX=''
ac_ct_DUMPBIN=''
acx_pthread_config=''
am__EXEEXT_FALSE=''
am__EXEEXT_TRUE='#'
am__fastdepCC_FALSE='#'
am__fastdepCC_TRUE=''
am__fastdepCXX_FALSE='#'
am__fastdepCXX_TRUE=''
am__include='include'
am__isrc=''
am__leading_dot='.'
am__nodep='_no'
am__quote=''
am__tar='$${TAR-tar} chof - "$$tardir"'
am__untar='$${TAR-tar} xf -'
bindir='${exec_prefix}/bin'
build='i686-pc-linux-gnu'
build_alias=''
build_cpu='i686'
build_os='linux-gnu'
build_vendor='pc'
datadir='${datarootdir}'
datarootdir='${prefix}/share'
docdir='${datarootdir}/doc/${PACKAGE_TARNAME}'
dvidir='${docdir}'
exec_prefix='${prefix}'
host='arm-unknown-linux-androideabi'
host_alias='arm-linux-androideabi'
host_cpu='arm'
host_os='linux-androideabi'
host_vendor='unknown'
htmldir='${docdir}'
includedir='${prefix}/include'
infodir='${datarootdir}/info'
install_sh='${SHELL} /home/yj/Work_Folder/Kunlun/KLXmppStack_ongoing2/gloox/install-sh'
libdir='${exec_prefix}/lib'
libexecdir='${exec_prefix}/libexec'
localedir='${datarootdir}/locale'
localstatedir='${prefix}/var'
mandir='${datarootdir}/man'
mkdir_p='/bin/mkdir -p'
oldincludedir='/usr/include'
pdfdir='${docdir}'
prefix='/home/yj/Work_Folder/Kunlun/gloox/Install_Dir/arm_depend_no_version_end_openssl_swig_debug'
program_transform_name='s,x,x,'
psdir='${docdir}'
sbindir='${exec_prefix}/sbin'
sharedstatedir='${prefix}/com'
sysconfdir='${prefix}/etc'
target_alias=''

## ----------- ##
## confdefs.h. ##
## ----------- ##

/* confdefs.h */
#define PACKAGE_NAME "gloox"
#define PACKAGE_TARNAME "gloox"
#define PACKAGE_VERSION "1.0"
#define PACKAGE_STRING "gloox 1.0"
#define PACKAGE_BUGREPORT "js@camaya.net"
#define PACKAGE_URL ""
#define PACKAGE "gloox"
#define VERSION "1.0"
#define STDC_HEADERS 1
#define HAVE_SYS_TYPES_H 1
#define HAVE_SYS_STAT_H 1
#define HAVE_STDLIB_H 1
#define HAVE_STRING_H 1
#define HAVE_MEMORY_H 1
#define HAVE_STRINGS_H 1
#define HAVE_INTTYPES_H 1
#define HAVE_STDINT_H 1
#define HAVE_UNISTD_H 1
#define HAVE_DLFCN_H 1
#define LT_OBJDIR ".libs/"
#define HAVE_OPENSSL 1
#define HAVE_ZLIB 1
#define HAVE_PTHREAD 1
#define HAVE_RES_QUERY 1
#define STDC_HEADERS 1
#define HAVE_UNISTD_H 1
#define HAVE_STRINGS_H 1
#define HAVE_ERRNO_H 1
#define HAVE_ARPA_NAMESER_H 1
#define HAVE_SETSOCKOPT 1

configure: exit 0
